e:\windows\poc\assistpoc\assistrepo\x64\debug\wintoastlib.obj
e:\windows\poc\assistpoc\assistrepo\x64\debug\app.xaml.obj
e:\windows\poc\assistpoc\assistrepo\x64\debug\main.obj
e:\windows\poc\assistpoc\assistrepo\x64\debug\module.g.obj
e:\windows\poc\assistpoc\assistrepo\x64\debug\xamltypeinfo.impl.g.obj
e:\windows\poc\assistpoc\assistrepo\x64\debug\vc143.pdb
e:\windows\poc\assistpoc\assistrepo\x64\debug\xamlmetadataprovider.obj
e:\windows\poc\assistpoc\assistrepo\x64\debug\xamltypeinfo.g.obj
e:\windows\poc\assistpoc\assistrepo\x64\debug\vc143.idb
e:\windows\poc\assistpoc\assistrepo\x64\debug\mainwindow.xaml.obj
e:\windows\poc\assistpoc\x64\debug\assistrepo\microsoft.windowsappruntime.bootstrap.dll
e:\windows\poc\assistpoc\x64\debug\assistrepo\assistrepo.lib
e:\windows\poc\assistpoc\x64\debug\assistrepo\assistrepo.exp
e:\windows\poc\assistpoc\assistrepo\x64\debug\assistrepo.tlog\assistrepo.winmd.lastbuild
e:\windows\poc\assistpoc\assistrepo\x64\debug\assistrepo.ilk
e:\windows\poc\assistpoc\x64\debug\assistrepo\assistrepo.exe
e:\windows\poc\assistpoc\x64\debug\assistrepo\assistrepo.pdb
e:\windows\poc\assistpoc\assistrepo\x64\debug\unmerged\app.winmd
e:\windows\poc\assistpoc\assistrepo\x64\debug\unmerged\mainwindow.winmd
e:\windows\poc\assistpoc\assistrepo\x64\debug\unmerged\xamlmetadataprovider.winmd
e:\windows\poc\assistpoc\assistrepo\x64\debug\assistrepo.exe.embed.manifest.res
e:\windows\poc\assistpoc\assistrepo\x64\debug\mainwindow.xaml.obj.enc
e:\windows\poc\assistpoc\assistrepo\x64\debug\assistrepo.vcxproj.cppwinrt_comp.rsp
e:\windows\poc\assistpoc\assistrepo\x64\debug\assistrepo.vcxproj.cppwinrt_plat.rsp
e:\windows\poc\assistpoc\assistrepo\x64\debug\assistrepo.vcxproj.cppwinrt_ref.rsp
e:\windows\poc\assistpoc\assistrepo\x64\debug\assistrepo.vcxproj.mdmerge.rsp
e:\windows\poc\assistpoc\assistrepo\x64\debug\assistrepo.vcxproj.midlrt.rsp
e:\windows\poc\assistpoc\assistrepo\x64\debug\assistrepo.exe.embed.manifest
e:\windows\poc\assistpoc\assistrepo\x64\debug\assistrepo_manifest.rc
e:\windows\poc\assistpoc\assistrepo\x64\debug\assistrepo.tlog\cl.command.1.tlog
e:\windows\poc\assistpoc\assistrepo\x64\debug\assistrepo.tlog\cl.read.1.tlog
e:\windows\poc\assistpoc\assistrepo\x64\debug\assistrepo.tlog\cl.write.1.tlog
e:\windows\poc\assistpoc\assistrepo\x64\debug\assistrepo.tlog\copylocal.read.1u.tlog
e:\windows\poc\assistpoc\assistrepo\x64\debug\assistrepo.tlog\copylocal.write.1u.tlog
e:\windows\poc\assistpoc\assistrepo\x64\debug\assistrepo.tlog\link.command.1.tlog
e:\windows\poc\assistpoc\assistrepo\x64\debug\assistrepo.tlog\link.read.1.tlog
e:\windows\poc\assistpoc\assistrepo\x64\debug\assistrepo.tlog\link.write.1.tlog
e:\windows\poc\assistpoc\assistrepo\x64\debug\assistrepo.tlog\link.write.2u.tlog
e:\windows\poc\assistpoc\assistrepo\x64\debug\assistrepo.tlog\midl-midlrt.write.1.tlog
e:\windows\poc\assistpoc\assistrepo\x64\debug\assistrepo.tlog\midl.command.1.tlog
e:\windows\poc\assistpoc\assistrepo\x64\debug\assistrepo.tlog\midl.read.1.tlog
e:\windows\poc\assistpoc\assistrepo\x64\debug\assistrepo.tlog\rc.command.1.tlog
e:\windows\poc\assistpoc\assistrepo\x64\debug\assistrepo.tlog\rc.read.1.tlog
e:\windows\poc\assistpoc\assistrepo\x64\debug\assistrepo.tlog\rc.write.1.tlog
e:\windows\poc\assistpoc\assistrepo\x64\debug\assistrepo.tlog\xaml.read.1u.tlog
e:\windows\poc\assistpoc\assistrepo\generated files\app.xaml.g.h
e:\windows\poc\assistpoc\assistrepo\generated files\mainwindow.g.h
e:\windows\poc\assistpoc\assistrepo\generated files\mainwindow.xaml.g.h
e:\windows\poc\assistpoc\assistrepo\generated files\xamlbindinginfo.xaml.g.h
e:\windows\poc\assistpoc\assistrepo\generated files\xamlmetadataprovider.g.h
e:\windows\poc\assistpoc\assistrepo\generated files\xamltypeinfo.xaml.g.h
e:\windows\poc\assistpoc\assistrepo\generated files\mainwindow.g.cpp
e:\windows\poc\assistpoc\assistrepo\generated files\module.g.cpp
e:\windows\poc\assistpoc\assistrepo\generated files\xamllibmetadataprovider.g.cpp
e:\windows\poc\assistpoc\assistrepo\generated files\xamlmetadataprovider.g.cpp
e:\windows\poc\assistpoc\assistrepo\generated files\xamltypeinfo.g.cpp
e:\windows\poc\assistpoc\assistrepo\generated files\xamltypeinfo.impl.g.cpp
e:\windows\poc\assistpoc\assistrepo\generated files\app.xaml
e:\windows\poc\assistpoc\assistrepo\generated files\mainwindow.xaml
